<?xml version="1.0" encoding="UTF-8"?>
<!-- Generated by org.testng.reporters.JUnitReportReporter -->
<testsuite hostname="DESKTOP-5T03LQ5" failures="0" tests="3" name="com.XYZ.homepage.Sample" time="0.042" errors="0" timestamp="2023-11-18T17:58:51 IST" skipped="0">
  <testcase classname="com.XYZ.homepage.Sample" name="test2" time="0.035"/>
  <system-out/>
  <testcase classname="com.XYZ.homepage.Sample" name="test3" time="0.004"/>
  <system-out/>
  <testcase classname="com.XYZ.homepage.Sample" name="test1" time="0.003"/>
  <system-out/>
</testsuite> <!-- com.XYZ.homepage.Sample -->
