<?xml version="1.0" encoding="UTF-8"?>
<!-- Generated by org.testng.reporters.JUnitReportReporter -->
<testsuite hostname="DESKTOP-5T03LQ5" failures="0" tests="2" name="com.XYZ.homepagetest.BankManagerLoginTest" time="42.786" errors="0" timestamp="2023-11-26T14:20:00 IST" skipped="1">
  <testcase classname="com.XYZ.homepagetest.BankManagerLoginTest" name="addACustomer" time="42.786"/>
  <system-out/>
  <testcase classname="com.XYZ.homepagetest.BankManagerLoginTest" name="searchCustomer">
    <skipped/>
  </testcase> <!-- searchCustomer -->
  <system-out/>
</testsuite> <!-- com.XYZ.homepagetest.BankManagerLoginTest -->
